<?xml version="1.0" encoding="UTF-8"?>
<testng-results ignored="0" total="3" passed="3" failed="0" skipped="0">
  <reporter-output>
  </reporter-output>
  <suite started-at="2023-10-21T10:17:07 IST" name="Default suite" finished-at="2023-10-21T10:17:21 IST" duration-ms="14086">
    <groups>
    </groups>
    <test started-at="2023-10-21T10:17:07 IST" name="Default test" finished-at="2023-10-21T10:17:21 IST" duration-ms="14086">
      <class name="TestNG.DataProvoder">
        <test-method signature="demo(java.lang.String,java.lang.String)[pri:0, instance:TestNG.DataProvoder@7c7b252e]" started-at="2023-10-21T10:17:07 IST" name="demo" data-provider="getdata" finished-at="2023-10-21T10:17:12 IST" duration-ms="4880" status="PASS">
          <params>
            <param index="0">
              <value>
                <![CDATA[sasi]]>
              </value>
            </param>
            <param index="1">
              <value>
                <![CDATA[kala]]>
              </value>
            </param>
          </params>
          <reporter-output>
          </reporter-output>
        </test-method> <!-- demo -->
        <test-method signature="demo(java.lang.String,java.lang.String)[pri:0, instance:TestNG.DataProvoder@7c7b252e]" started-at="2023-10-21T10:17:12 IST" name="demo" data-provider="getdata" finished-at="2023-10-21T10:17:16 IST" duration-ms="4488" status="PASS">
          <params>
            <param index="0">
              <value>
                <![CDATA[selenium]]>
              </value>
            </param>
            <param index="1">
              <value>
                <![CDATA[trainer]]>
              </value>
            </param>
          </params>
          <reporter-output>
          </reporter-output>
        </test-method> <!-- demo -->
        <test-method signature="demo(java.lang.String,java.lang.String)[pri:0, instance:TestNG.DataProvoder@7c7b252e]" started-at="2023-10-21T10:17:16 IST" name="demo" data-provider="getdata" finished-at="2023-10-21T10:17:21 IST" duration-ms="4668" status="PASS">
          <params>
            <param index="0">
              <value>
                <![CDATA[Q Spider]]>
              </value>
            </param>
            <param index="1">
              <value>
                <![CDATA[Banglore]]>
              </value>
            </param>
          </params>
          <reporter-output>
          </reporter-output>
        </test-method> <!-- demo -->
      </class> <!-- TestNG.DataProvoder -->
    </test> <!-- Default test -->
  </suite> <!-- Default suite -->
</testng-results>
